<?xml version="1.0" encoding="UTF-8"?>
<testsuite name="tests.testProductService" tests="1" skipped="0" failures="0" errors="0" timestamp="2023-05-12T20:53:57" hostname="DESKTOP-S7TGGS6" time="1.892">
  <properties/>
  <testcase name="getCategories()" classname="tests.testProductService" time="1.892"/>
  <system-out><![CDATA[*********************************************************************************
]]></system-out>
  <system-err><![CDATA[[Test worker] INFO org.slf4j.Logger - Starting the TESTING
[Test worker] INFO org.slf4j.Logger - Calling API to show the categories
[Test worker] INFO org.slf4j.Logger - Validate is there is at least 1 category. 20
[Test worker] INFO org.slf4j.Logger - Print all categories from the products
[Test worker] INFO org.slf4j.Logger - Categories: [smartphones, laptops, fragrances, skincare, groceries, home-decoration, furniture, tops, womens-dresses, womens-shoes, mens-shirts, mens-shoes, mens-watches, womens-watches, womens-bags, womens-jewellery, sunglasses, automotive, motorcycle, lighting]
]]></system-err>
</testsuite>
