<?xml version="1.0" encoding="UTF-8"?>
<testsuite name="tests.testCartService" tests="1" skipped="0" failures="0" errors="0" timestamp="2023-05-13T04:35:11" hostname="DESKTOP-S7TGGS6" time="2.514">
  <properties/>
  <testcase name="getUserCarts()" classname="tests.testCartService" time="2.514"/>
  <system-out><![CDATA[*********************************************************************************
]]></system-out>
  <system-err><![CDATA[[Test worker] INFO org.slf4j.Logger - Starting the TESTING
[Test worker] INFO org.slf4j.Logger - Calling API carts
[Test worker] INFO org.slf4j.Logger - Validate if there is at least 1 cart. If so it will look for userIds
[Test worker] INFO org.slf4j.Logger - Getting a random value: 0
[Test worker] INFO org.slf4j.Logger - Calling API for looking userId 97
[Test worker] INFO org.slf4j.Logger - Print the specific cart: {"carts":[{"id":1,"products":[{"id":59,"title":"Spring and summershoes","price":20,"quantity":3,"total":60,"discountPercentage":8.71,"discountedPrice":55},{"id":88,"title":"TC Reusable Silicone Magic Washing Gloves","price":29,"quantity":2,"total":58,"discountPercentage":3.19,"discountedPrice":56},{"id":18,"title":"Oil Free Moisturizer 100ml","price":40,"quantity":2,"total":80,"discountPercentage":13.1,"discountedPrice":70},{"id":95,"title":"Wholesale cargo lashing Belt","price":930,"quantity":1,"total":930,"discountPercentage":17.67,"discountedPrice":766},{"id":39,"title":"Women Sweaters Wool","price":600,"quantity":2,"total":1200,"discountPercentage":17.2,"discountedPrice":994}],"total":2328,"discountedTotal":1941,"userId":97,"totalProducts":5,"totalQuantity":10}],"total":1,"skip":0,"limit":1}
]]></system-err>
</testsuite>
